c:\users\gch15\documents\visual studio 2015\projects\sr_git\jusin_sr\client\default\x64\debug\client.pch
c:\users\gch15\documents\visual studio 2015\projects\sr_git\jusin_sr\client\default\x64\debug\vc140.pdb
c:\users\gch15\documents\visual studio 2015\projects\sr_git\jusin_sr\client\default\x64\debug\vc140.idb
c:\users\gch15\documents\visual studio 2015\projects\sr_git\jusin_sr\client\default\x64\debug\stdafx.obj
c:\users\gch15\documents\visual studio 2015\projects\sr_git\jusin_sr\client\default\x64\debug\ui_enemy_hpelement.obj
c:\users\gch15\documents\visual studio 2015\projects\sr_git\jusin_sr\client\default\x64\debug\ui_experiencebar.obj
c:\users\gch15\documents\visual studio 2015\projects\sr_git\jusin_sr\client\default\x64\debug\ui_experiencepoint.obj
c:\users\gch15\documents\visual studio 2015\projects\sr_git\jusin_sr\client\default\x64\debug\ui_hpbar.obj
c:\users\gch15\documents\visual studio 2015\projects\sr_git\jusin_sr\client\default\x64\debug\ui_hpelement.obj
c:\users\gch15\documents\visual studio 2015\projects\sr_git\jusin_sr\client\default\x64\debug\ui_iconbox.obj
c:\users\gch15\documents\visual studio 2015\projects\sr_git\jusin_sr\client\default\x64\debug\ui_inventory.obj
c:\users\gch15\documents\visual studio 2015\projects\sr_git\jusin_sr\client\default\x64\debug\ui_itembox.obj
c:\users\gch15\documents\visual studio 2015\projects\sr_git\jusin_sr\client\default\x64\debug\ui_levelup.obj
c:\users\gch15\documents\visual studio 2015\projects\sr_git\jusin_sr\client\default\x64\debug\ui_loading.obj
c:\users\gch15\documents\visual studio 2015\projects\sr_git\jusin_sr\client\default\x64\debug\ui_logo.obj
c:\users\gch15\documents\visual studio 2015\projects\sr_git\jusin_sr\client\default\x64\debug\ui_playerstats.obj
c:\users\gch15\documents\visual studio 2015\projects\sr_git\jusin_sr\client\default\x64\debug\ui_playtimer.obj
c:\users\gch15\documents\visual studio 2015\projects\sr_git\jusin_sr\client\default\x64\debug\ui_scope.obj
c:\users\gch15\documents\visual studio 2015\projects\sr_git\jusin_sr\client\default\x64\debug\ui_selectitem.obj
c:\users\gch15\documents\visual studio 2015\projects\sr_git\jusin_sr\client\default\x64\debug\ui_sniper.obj
c:\users\gch15\documents\visual studio 2015\projects\sr_git\jusin_sr\client\default\x64\debug\ui_start.obj
c:\users\gch15\documents\visual studio 2015\projects\sr_git\jusin_sr\client\default\x64\debug\ui_weaponicon.obj
c:\users\gch15\documents\visual studio 2015\projects\sr_git\jusin_sr\client\default\x64\debug\wall.obj
c:\users\gch15\documents\visual studio 2015\projects\sr_git\jusin_sr\client\default\x64\debug\client.obj
c:\users\gch15\documents\visual studio 2015\projects\sr_git\jusin_sr\client\default\x64\debug\lightning.obj
c:\users\gch15\documents\visual studio 2015\projects\sr_git\jusin_sr\client\default\x64\debug\texmonster.obj
c:\users\gch15\documents\visual studio 2015\projects\sr_git\jusin_sr\client\default\x64\debug\loader.obj
c:\users\gch15\documents\visual studio 2015\projects\sr_git\jusin_sr\client\default\x64\debug\mainapp.obj
c:\users\gch15\documents\visual studio 2015\projects\sr_git\jusin_sr\client\default\x64\debug\mastercube.obj
c:\users\gch15\documents\visual studio 2015\projects\sr_git\jusin_sr\client\default\x64\debug\meteo.obj
c:\users\gch15\documents\visual studio 2015\projects\sr_git\jusin_sr\client\default\x64\debug\monster.obj
c:\users\gch15\documents\visual studio 2015\projects\sr_git\jusin_sr\client\default\x64\debug\monsterlayer.obj
c:\users\gch15\documents\visual studio 2015\projects\sr_git\jusin_sr\client\default\x64\debug\nyancat.obj
c:\users\gch15\documents\visual studio 2015\projects\sr_git\jusin_sr\client\default\x64\debug\plasma.obj
c:\users\gch15\documents\visual studio 2015\projects\sr_git\jusin_sr\client\default\x64\debug\player.obj
c:\users\gch15\documents\visual studio 2015\projects\sr_git\jusin_sr\client\default\x64\debug\sky.obj
c:\users\gch15\documents\visual studio 2015\projects\sr_git\jusin_sr\client\default\x64\debug\slime.obj
c:\users\gch15\documents\visual studio 2015\projects\sr_git\jusin_sr\client\default\x64\debug\spawner.obj
c:\users\gch15\documents\visual studio 2015\projects\sr_git\jusin_sr\client\default\x64\debug\star.obj
c:\users\gch15\documents\visual studio 2015\projects\sr_git\jusin_sr\client\default\x64\debug\terrain.obj
c:\users\gch15\documents\visual studio 2015\projects\sr_git\jusin_sr\client\default\x64\debug\test.obj
c:\users\gch15\documents\visual studio 2015\projects\sr_git\jusin_sr\client\default\x64\debug\ui_background.obj
c:\users\gch15\documents\visual studio 2015\projects\sr_git\jusin_sr\client\default\x64\debug\ui_cursor.obj
c:\users\gch15\documents\visual studio 2015\projects\sr_git\jusin_sr\client\default\x64\debug\ui_enemy_hpbar.obj
c:\users\gch15\documents\visual studio 2015\projects\sr_git\jusin_sr\client\default\x64\debug\bible.obj
c:\users\gch15\documents\visual studio 2015\projects\sr_git\jusin_sr\client\default\x64\debug\bone_hhlee.obj
c:\users\gch15\documents\visual studio 2015\projects\sr_git\jusin_sr\client\default\x64\debug\camera_free.obj
c:\users\gch15\documents\visual studio 2015\projects\sr_git\jusin_sr\client\default\x64\debug\camera_player.obj
c:\users\gch15\documents\visual studio 2015\projects\sr_git\jusin_sr\client\default\x64\debug\coil.obj
c:\users\gch15\documents\visual studio 2015\projects\sr_git\jusin_sr\client\default\x64\debug\cube.obj
c:\users\gch15\documents\visual studio 2015\projects\sr_git\jusin_sr\client\default\x64\debug\curvy.obj
c:\users\gch15\documents\visual studio 2015\projects\sr_git\jusin_sr\client\default\x64\debug\effect.obj
c:\users\gch15\documents\visual studio 2015\projects\sr_git\jusin_sr\client\default\x64\debug\garlic.obj
c:\users\gch15\documents\visual studio 2015\projects\sr_git\jusin_sr\client\default\x64\debug\item.obj
c:\users\gch15\documents\visual studio 2015\projects\sr_git\jusin_sr\client\default\x64\debug\item_exp.obj
c:\users\gch15\documents\visual studio 2015\projects\sr_git\jusin_sr\client\default\x64\debug\item_hp.obj
c:\users\gch15\documents\visual studio 2015\projects\sr_git\jusin_sr\client\default\x64\debug\item_object.obj
c:\users\gch15\documents\visual studio 2015\projects\sr_git\jusin_sr\client\default\x64\debug\item_timer.obj
c:\users\gch15\documents\visual studio 2015\projects\sr_git\jusin_sr\client\default\x64\debug\item_treasure.obj
c:\users\gch15\documents\visual studio 2015\projects\sr_git\jusin_sr\client\default\x64\debug\item_vacuum.obj
c:\users\gch15\documents\visual studio 2015\projects\sr_git\jusin_sr\client\default\x64\debug\landobject.obj
c:\users\gch15\documents\visual studio 2015\projects\sr_git\jusin_sr\client\default\x64\debug\level_gameplay.obj
c:\users\gch15\documents\visual studio 2015\projects\sr_git\jusin_sr\client\default\x64\debug\level_loading.obj
c:\users\gch15\documents\visual studio 2015\projects\sr_git\jusin_sr\client\default\x64\debug\level_logo.obj
c:\users\gch15\documents\visual studio 2015\projects\sr_git\jusin_sr\client\default\x64\debug\attackcollision.obj
c:\users\gch15\documents\visual studio 2015\projects\sr_git\jusin_sr\client\default\x64\debug\background.obj
c:\users\gch15\documents\visual studio 2015\projects\sr_git\jusin_sr\client\default\x64\debug\item_timereffect.obj
c:\users\gch15\documents\visual studio 2015\projects\sr_git\jusin_sr\client\bin\shader_rect.cso
c:\users\gch15\documents\visual studio 2015\projects\sr_git\jusin_sr\client\bin\client.ilk
c:\users\gch15\documents\visual studio 2015\projects\sr_git\jusin_sr\client\bin\client.exe
c:\users\gch15\documents\visual studio 2015\projects\sr_git\jusin_sr\client\bin\client.pdb
c:\users\gch15\documents\visual studio 2015\projects\sr_git\jusin_sr\client\default\x64\debug\client.res
c:\users\gch15\documents\visual studio 2015\projects\sr_git\jusin_sr\client\default\x64\debug\monster.obj.enc
c:\users\gch15\documents\visual studio 2015\projects\sr_git\jusin_sr\client\default\..\bin\client.exe
c:\users\gch15\documents\visual studio 2015\projects\sr_git\jusin_sr\client\default\x64\debug\client.tlog\cl.command.1.tlog
c:\users\gch15\documents\visual studio 2015\projects\sr_git\jusin_sr\client\default\x64\debug\client.tlog\cl.read.1.tlog
c:\users\gch15\documents\visual studio 2015\projects\sr_git\jusin_sr\client\default\x64\debug\client.tlog\cl.write.1.tlog
c:\users\gch15\documents\visual studio 2015\projects\sr_git\jusin_sr\client\default\x64\debug\client.tlog\client.write.1u.tlog
c:\users\gch15\documents\visual studio 2015\projects\sr_git\jusin_sr\client\default\x64\debug\client.tlog\fxc.command.1.tlog
c:\users\gch15\documents\visual studio 2015\projects\sr_git\jusin_sr\client\default\x64\debug\client.tlog\fxc.read.1.tlog
c:\users\gch15\documents\visual studio 2015\projects\sr_git\jusin_sr\client\default\x64\debug\client.tlog\fxc.write.1.tlog
c:\users\gch15\documents\visual studio 2015\projects\sr_git\jusin_sr\client\default\x64\debug\client.tlog\link.command.1.tlog
c:\users\gch15\documents\visual studio 2015\projects\sr_git\jusin_sr\client\default\x64\debug\client.tlog\link.read.1.tlog
c:\users\gch15\documents\visual studio 2015\projects\sr_git\jusin_sr\client\default\x64\debug\client.tlog\link.write.1.tlog
c:\users\gch15\documents\visual studio 2015\projects\sr_git\jusin_sr\client\default\x64\debug\client.tlog\rc.command.1.tlog
c:\users\gch15\documents\visual studio 2015\projects\sr_git\jusin_sr\client\default\x64\debug\client.tlog\rc.read.1.tlog
c:\users\gch15\documents\visual studio 2015\projects\sr_git\jusin_sr\client\default\x64\debug\client.tlog\rc.write.1.tlog
