c:\users\gusha\onedrive\문서\github\jusin_sr-anhisu\jusin_sr-anhisu\engine\default\x64\debug\vc140.pdb
c:\users\gusha\onedrive\문서\github\jusin_sr-anhisu\jusin_sr-anhisu\engine\default\x64\debug\vc140.idb
c:\users\gusha\onedrive\문서\github\jusin_sr-anhisu\jusin_sr-anhisu\engine\default\x64\debug\vibuffer_terrain_cube.obj
c:\users\gusha\onedrive\문서\github\jusin_sr-anhisu\jusin_sr-anhisu\engine\default\x64\debug\vibuffer_tile.obj
c:\users\gusha\onedrive\문서\github\jusin_sr-anhisu\jusin_sr-anhisu\engine\default\x64\debug\base.obj
c:\users\gusha\onedrive\문서\github\jusin_sr-anhisu\jusin_sr-anhisu\engine\default\x64\debug\camera.obj
c:\users\gusha\onedrive\문서\github\jusin_sr-anhisu\jusin_sr-anhisu\engine\default\x64\debug\component.obj
c:\users\gusha\onedrive\문서\github\jusin_sr-anhisu\jusin_sr-anhisu\engine\default\x64\debug\component_manager.obj
c:\users\gusha\onedrive\문서\github\jusin_sr-anhisu\jusin_sr-anhisu\engine\default\x64\debug\gameinstance.obj
c:\users\gusha\onedrive\문서\github\jusin_sr-anhisu\jusin_sr-anhisu\engine\default\x64\debug\gameobject.obj
c:\users\gusha\onedrive\문서\github\jusin_sr-anhisu\jusin_sr-anhisu\engine\default\x64\debug\input_device.obj
c:\users\gusha\onedrive\문서\github\jusin_sr-anhisu\jusin_sr-anhisu\engine\default\x64\debug\layer.obj
c:\users\gusha\onedrive\문서\github\jusin_sr-anhisu\jusin_sr-anhisu\engine\default\x64\debug\level.obj
c:\users\gusha\onedrive\문서\github\jusin_sr-anhisu\jusin_sr-anhisu\engine\default\x64\debug\level_manager.obj
c:\users\gusha\onedrive\문서\github\jusin_sr-anhisu\jusin_sr-anhisu\engine\default\x64\debug\object_manager.obj
c:\users\gusha\onedrive\문서\github\jusin_sr-anhisu\jusin_sr-anhisu\engine\default\x64\debug\picking.obj
c:\users\gusha\onedrive\문서\github\jusin_sr-anhisu\jusin_sr-anhisu\engine\default\x64\debug\renderer.obj
c:\users\gusha\onedrive\문서\github\jusin_sr-anhisu\jusin_sr-anhisu\engine\default\x64\debug\texture.obj
c:\users\gusha\onedrive\문서\github\jusin_sr-anhisu\jusin_sr-anhisu\engine\default\x64\debug\timer_manager.obj
c:\users\gusha\onedrive\문서\github\jusin_sr-anhisu\jusin_sr-anhisu\engine\default\x64\debug\transform.obj
c:\users\gusha\onedrive\문서\github\jusin_sr-anhisu\jusin_sr-anhisu\engine\default\x64\debug\vibuffer.obj
c:\users\gusha\onedrive\문서\github\jusin_sr-anhisu\jusin_sr-anhisu\engine\default\x64\debug\vibuffer_rect.obj
c:\users\gusha\onedrive\문서\github\jusin_sr-anhisu\jusin_sr-anhisu\engine\default\x64\debug\battle.obj
c:\users\gusha\onedrive\문서\github\jusin_sr-anhisu\jusin_sr-anhisu\engine\default\x64\debug\collider.obj
c:\users\gusha\onedrive\문서\github\jusin_sr-anhisu\jusin_sr-anhisu\engine\default\x64\debug\collisionlayer.obj
c:\users\gusha\onedrive\문서\github\jusin_sr-anhisu\jusin_sr-anhisu\engine\default\x64\debug\graphic_device.obj
c:\users\gusha\onedrive\문서\github\jusin_sr-anhisu\jusin_sr-anhisu\engine\default\x64\debug\timer.obj
c:\users\gusha\onedrive\문서\github\jusin_sr-anhisu\jusin_sr-anhisu\engine\default\x64\debug\uiobject.obj
c:\users\gusha\onedrive\문서\github\jusin_sr-anhisu\jusin_sr-anhisu\engine\default\x64\debug\vibuffer_colorcube.obj
c:\users\gusha\onedrive\문서\github\jusin_sr-anhisu\jusin_sr-anhisu\engine\default\x64\debug\vibuffer_cube.obj
c:\users\gusha\onedrive\문서\github\jusin_sr-anhisu\jusin_sr-anhisu\engine\default\x64\debug\vibuffer_terrain.obj
c:\users\gusha\onedrive\문서\github\jusin_sr-anhisu\jusin_sr-anhisu\engine\default\x64\debug\collision.obj
c:\users\gusha\onedrive\문서\github\jusin_sr-anhisu\jusin_sr-anhisu\engine\default\x64\debug\anitransform_hhlee.obj
c:\users\gusha\onedrive\문서\github\jusin_sr-anhisu\jusin_sr-anhisu\engine\default\x64\debug\vibuffer_cube_hhlee.obj
c:\users\gusha\onedrive\문서\github\jusin_sr-anhisu\jusin_sr-anhisu\engine\default\x64\debug\animation_parser_hhlee.obj
c:\users\gusha\onedrive\문서\github\jusin_sr-anhisu\jusin_sr-anhisu\engine\default\x64\debug\zfrustum.obj
c:\users\gusha\downloads\jusin_sr-master\jusin_sr-master\engine\default\x64\debug\vc140.pdb
c:\users\gusha\downloads\jusin_sr-master\jusin_sr-master\engine\default\x64\debug\vc140.idb
c:\users\gusha\downloads\jusin_sr-master\jusin_sr-master\engine\default\x64\debug\layer.obj
c:\users\gusha\downloads\jusin_sr-master\jusin_sr-master\engine\default\x64\debug\level.obj
c:\users\gusha\downloads\jusin_sr-master\jusin_sr-master\engine\default\x64\debug\level_manager.obj
c:\users\gusha\downloads\jusin_sr-master\jusin_sr-master\engine\default\x64\debug\object_manager.obj
c:\users\gusha\downloads\jusin_sr-master\jusin_sr-master\engine\default\x64\debug\picking.obj
c:\users\gusha\downloads\jusin_sr-master\jusin_sr-master\engine\default\x64\debug\renderer.obj
c:\users\gusha\downloads\jusin_sr-master\jusin_sr-master\engine\default\x64\debug\texture.obj
c:\users\gusha\downloads\jusin_sr-master\jusin_sr-master\engine\default\x64\debug\timer.obj
c:\users\gusha\downloads\jusin_sr-master\jusin_sr-master\engine\default\x64\debug\timer_manager.obj
c:\users\gusha\downloads\jusin_sr-master\jusin_sr-master\engine\default\x64\debug\transform.obj
c:\users\gusha\downloads\jusin_sr-master\jusin_sr-master\engine\default\x64\debug\uiobject.obj
c:\users\gusha\downloads\jusin_sr-master\jusin_sr-master\engine\default\x64\debug\vibuffer.obj
c:\users\gusha\downloads\jusin_sr-master\jusin_sr-master\engine\default\x64\debug\vibuffer_colorcube.obj
c:\users\gusha\downloads\jusin_sr-master\jusin_sr-master\engine\default\x64\debug\vibuffer_cube.obj
c:\users\gusha\downloads\jusin_sr-master\jusin_sr-master\engine\default\x64\debug\vibuffer_cube_hhlee.obj
c:\users\gusha\downloads\jusin_sr-master\jusin_sr-master\engine\default\x64\debug\vibuffer_rect.obj
c:\users\gusha\downloads\jusin_sr-master\jusin_sr-master\engine\default\x64\debug\vibuffer_terrain.obj
c:\users\gusha\downloads\jusin_sr-master\jusin_sr-master\engine\default\x64\debug\vibuffer_terrain_cube.obj
c:\users\gusha\downloads\jusin_sr-master\jusin_sr-master\engine\default\x64\debug\vibuffer_tile.obj
c:\users\gusha\downloads\jusin_sr-master\jusin_sr-master\engine\default\x64\debug\zfrustum.obj
c:\users\gusha\downloads\jusin_sr-master\jusin_sr-master\engine\default\x64\debug\animation_parser_hhlee.obj
c:\users\gusha\downloads\jusin_sr-master\jusin_sr-master\engine\default\x64\debug\anitransform_hhlee.obj
c:\users\gusha\downloads\jusin_sr-master\jusin_sr-master\engine\default\x64\debug\base.obj
c:\users\gusha\downloads\jusin_sr-master\jusin_sr-master\engine\default\x64\debug\battle.obj
c:\users\gusha\downloads\jusin_sr-master\jusin_sr-master\engine\default\x64\debug\camera.obj
c:\users\gusha\downloads\jusin_sr-master\jusin_sr-master\engine\default\x64\debug\collider.obj
c:\users\gusha\downloads\jusin_sr-master\jusin_sr-master\engine\default\x64\debug\collision.obj
c:\users\gusha\downloads\jusin_sr-master\jusin_sr-master\engine\default\x64\debug\collisionlayer.obj
c:\users\gusha\downloads\jusin_sr-master\jusin_sr-master\engine\default\x64\debug\component.obj
c:\users\gusha\downloads\jusin_sr-master\jusin_sr-master\engine\default\x64\debug\component_manager.obj
c:\users\gusha\downloads\jusin_sr-master\jusin_sr-master\engine\default\x64\debug\gameinstance.obj
c:\users\gusha\downloads\jusin_sr-master\jusin_sr-master\engine\default\x64\debug\gameobject.obj
c:\users\gusha\downloads\jusin_sr-master\jusin_sr-master\engine\default\x64\debug\graphic_device.obj
c:\users\gusha\downloads\jusin_sr-master\jusin_sr-master\engine\default\x64\debug\input_device.obj
d:\github\jusin_sr\engine\default\x64\debug\vc140.pdb
d:\github\jusin_sr\engine\default\x64\debug\vc140.idb
d:\github\jusin_sr\engine\default\x64\debug\level.obj
d:\github\jusin_sr\engine\default\x64\debug\level_manager.obj
d:\github\jusin_sr\engine\default\x64\debug\object_manager.obj
d:\github\jusin_sr\engine\default\x64\debug\picking.obj
d:\github\jusin_sr\engine\default\x64\debug\renderer.obj
d:\github\jusin_sr\engine\default\x64\debug\sound_manager.obj
d:\github\jusin_sr\engine\default\x64\debug\texture.obj
d:\github\jusin_sr\engine\default\x64\debug\timer.obj
d:\github\jusin_sr\engine\default\x64\debug\timer_manager.obj
d:\github\jusin_sr\engine\default\x64\debug\transform.obj
d:\github\jusin_sr\engine\default\x64\debug\uiobject.obj
d:\github\jusin_sr\engine\default\x64\debug\vibuffer.obj
d:\github\jusin_sr\engine\default\x64\debug\vibuffer_colorcube.obj
d:\github\jusin_sr\engine\default\x64\debug\vibuffer_cube.obj
d:\github\jusin_sr\engine\default\x64\debug\vibuffer_cube_hhlee.obj
d:\github\jusin_sr\engine\default\x64\debug\vibuffer_rect.obj
d:\github\jusin_sr\engine\default\x64\debug\vibuffer_terrain.obj
d:\github\jusin_sr\engine\default\x64\debug\vibuffer_terrain_cube.obj
d:\github\jusin_sr\engine\default\x64\debug\vibuffer_tile.obj
d:\github\jusin_sr\engine\default\x64\debug\zfrustum.obj
d:\github\jusin_sr\engine\default\x64\debug\animation_parser_hhlee.obj
d:\github\jusin_sr\engine\default\x64\debug\anitransform_hhlee.obj
d:\github\jusin_sr\engine\default\x64\debug\base.obj
d:\github\jusin_sr\engine\default\x64\debug\battle.obj
d:\github\jusin_sr\engine\default\x64\debug\camera.obj
d:\github\jusin_sr\engine\default\x64\debug\collider.obj
d:\github\jusin_sr\engine\default\x64\debug\collision.obj
d:\github\jusin_sr\engine\default\x64\debug\collisionlayer.obj
d:\github\jusin_sr\engine\default\x64\debug\component.obj
d:\github\jusin_sr\engine\default\x64\debug\component_manager.obj
d:\github\jusin_sr\engine\default\x64\debug\gameinstance.obj
d:\github\jusin_sr\engine\default\x64\debug\gameobject.obj
d:\github\jusin_sr\engine\default\x64\debug\graphic_device.obj
d:\github\jusin_sr\engine\default\x64\debug\input_device.obj
d:\github\jusin_sr\engine\default\x64\debug\layer.obj
c:\users\gusha\onedrive\문서\github\jusin_sr-anhisu\jusin_sr-anhisu\engine\bin\engine.lib
c:\users\gusha\onedrive\문서\github\jusin_sr-anhisu\jusin_sr-anhisu\engine\bin\engine.exp
c:\users\gusha\downloads\jusin_sr-master\jusin_sr-master\engine\bin\engine.lib
c:\users\gusha\downloads\jusin_sr-master\jusin_sr-master\engine\bin\engine.exp
c:\users\gusha\onedrive\문서\github\jusin_sr-anhisu\jusin_sr-anhisu\engine\bin\engine.ilk
c:\users\gusha\onedrive\문서\github\jusin_sr-anhisu\jusin_sr-anhisu\engine\bin\engine.dll
c:\users\gusha\onedrive\문서\github\jusin_sr-anhisu\jusin_sr-anhisu\engine\bin\engine.pdb
c:\users\gusha\downloads\jusin_sr-master\jusin_sr-master\engine\bin\engine.ilk
c:\users\gusha\downloads\jusin_sr-master\jusin_sr-master\engine\bin\engine.dll
c:\users\gusha\downloads\jusin_sr-master\jusin_sr-master\engine\bin\engine.pdb
c:\users\gusha\onedrive\문서\github\jusin_sr-anhisu\jusin_sr-anhisu\engine\default\x64\debug\engine.res
c:\users\gusha\downloads\jusin_sr-master\jusin_sr-master\engine\default\x64\debug\engine.res
d:\github\jusin_sr\engine\default\x64\debug\engine.res
d:\github\jusin_sr\engine\default\x64\debug\engine.tlog\cl.command.1.tlog
d:\github\jusin_sr\engine\default\x64\debug\engine.tlog\cl.read.1.tlog
d:\github\jusin_sr\engine\default\x64\debug\engine.tlog\cl.write.1.tlog
d:\github\jusin_sr\engine\default\x64\debug\engine.tlog\engine.write.1u.tlog
d:\github\jusin_sr\engine\default\x64\debug\engine.tlog\link.command.1.tlog
d:\github\jusin_sr\engine\default\x64\debug\engine.tlog\link.read.1.tlog
d:\github\jusin_sr\engine\default\x64\debug\engine.tlog\link.write.1.tlog
d:\github\jusin_sr\engine\default\x64\debug\engine.tlog\rc.command.1.tlog
d:\github\jusin_sr\engine\default\x64\debug\engine.tlog\rc.read.1.tlog
d:\github\jusin_sr\engine\default\x64\debug\engine.tlog\rc.write.1.tlog
